2022-03-24 17:16:38,411 [Worker-6: Loading available Gradle versions] INFO  o.e.b.c.i.u.g.PublishedGradleVersions - Gradle version information cache is out-of-date. Trying to update.
2022-03-24 17:27:30,909 [Worker-7: Loading available Gradle versions] INFO  o.e.b.c.i.u.g.PublishedGradleVersions - Gradle version information cache is up-to-date. Trying to read.
2022-03-25 09:08:06,497 [Worker-6: Loading available Gradle versions] INFO  o.e.b.c.i.u.g.PublishedGradleVersions - Gradle version information cache is up-to-date. Trying to read.
2022-03-25 14:10:37,650 [Worker-0: Loading available Gradle versions] INFO  o.e.b.c.i.u.g.PublishedGradleVersions - Gradle version information cache is up-to-date. Trying to read.
2022-03-25 15:42:33,611 [Worker-3: Loading available Gradle versions] INFO  o.e.b.c.i.u.g.PublishedGradleVersions - Gradle version information cache is up-to-date. Trying to read.
2022-03-25 16:22:04,733 [Worker-3: Loading available Gradle versions] INFO  o.e.b.c.i.u.g.PublishedGradleVersions - Gradle version information cache is up-to-date. Trying to read.
2022-03-25 16:33:21,617 [Worker-2: Loading available Gradle versions] INFO  o.e.b.c.i.u.g.PublishedGradleVersions - Gradle version information cache is up-to-date. Trying to read.
2022-03-25 16:36:18,475 [Worker-10: Building] INFO  o.t.e.e.builder.ThymeleafBuilder - Unvalidating HTML files for Thymeleaf attribute processors.  Build kind: full
2022-03-25 16:36:18,495 [Worker-10: Building] INFO  o.t.e.e.builder.ThymeleafBuilder - Checking project: BootBasic
2022-03-25 16:37:15,665 [main] INFO  o.t.e.e.d.ProjectDependencyDialectLocator - Scanning for dialect help files on project dependencies
2022-03-25 16:37:15,811 [pool-10-thread-8] INFO  o.t.e.e.d.ProjectDependencyDialectLocator - Help file found: Java8Time.xml
2022-03-25 16:37:15,835 [pool-10-thread-12] INFO  o.t.e.e.d.ProjectDependencyDialectLocator - Help file found: Standard-Dialect.xml
2022-03-25 16:39:01,684 [Worker-0: Building] INFO  o.t.e.e.builder.ThymeleafBuilder - Unvalidating HTML files for Thymeleaf attribute processors.  Build kind: auto
2022-03-25 16:39:01,698 [Worker-0: Building] INFO  o.t.e.e.builder.ThymeleafBuilder - Unvalidating resource: /BootBasic/bin/main/templates/home.html
2022-03-25 16:39:01,699 [Worker-0: Building] INFO  o.t.e.e.builder.ThymeleafBuilder - Unvalidating resource: /BootBasic/src/main/resources/templates/home.html
2022-03-25 16:39:14,592 [Worker-13: Building] INFO  o.t.e.e.builder.ThymeleafBuilder - Unvalidating HTML files for Thymeleaf attribute processors.  Build kind: auto
2022-03-25 16:39:14,592 [Worker-13: Building] INFO  o.t.e.e.builder.ThymeleafBuilder - Unvalidating resource: /BootBasic/bin/main/templates/home.html
2022-03-25 16:39:14,596 [Worker-13: Building] INFO  o.t.e.e.builder.ThymeleafBuilder - Unvalidating resource: /BootBasic/src/main/resources/templates/home.html
2022-03-25 16:40:05,589 [Worker-12: Building] INFO  o.t.e.e.builder.ThymeleafBuilder - Unvalidating HTML files for Thymeleaf attribute processors.  Build kind: auto
2022-03-25 16:40:05,590 [Worker-12: Building] INFO  o.t.e.e.builder.ThymeleafBuilder - Unvalidating resource: /BootBasic/bin/main/templates/home.html
2022-03-25 16:40:05,590 [Worker-12: Building] INFO  o.t.e.e.builder.ThymeleafBuilder - Unvalidating resource: /BootBasic/src/main/resources/templates/home.html
2022-03-25 16:41:32,097 [Worker-12: Building] INFO  o.t.e.e.builder.ThymeleafBuilder - Unvalidating HTML files for Thymeleaf attribute processors.  Build kind: auto
2022-03-25 16:41:32,098 [Worker-12: Building] INFO  o.t.e.e.builder.ThymeleafBuilder - Unvalidating resource: /BootBasic/bin/main/templates/home.html
2022-03-25 16:41:32,098 [Worker-12: Building] INFO  o.t.e.e.builder.ThymeleafBuilder - Unvalidating resource: /BootBasic/src/main/resources/templates/home.html
